2025-04-05 23:17:02,404 INFO o.a.j.u.JMeterUtils: Setting Locale to en_EN
2025-04-05 23:17:02,424 INFO o.a.j.JMeter: Loading user properties from: /usr/local/Cellar/jmeter/5.6.3/libexec/bin/user.properties
2025-04-05 23:17:02,425 INFO o.a.j.JMeter: Loading system properties from: /usr/local/Cellar/jmeter/5.6.3/libexec/bin/system.properties
2025-04-05 23:17:02,432 INFO o.a.j.JMeter: Copyright (c) 1998-2024 The Apache Software Foundation
2025-04-05 23:17:02,432 INFO o.a.j.JMeter: Version 5.6.3
2025-04-05 23:17:02,432 INFO o.a.j.JMeter: java.version=21.0.6
2025-04-05 23:17:02,433 INFO o.a.j.JMeter: java.vm.name=OpenJDK 64-Bit Server VM
2025-04-05 23:17:02,433 INFO o.a.j.JMeter: os.name=Mac OS X
2025-04-05 23:17:02,433 INFO o.a.j.JMeter: os.arch=x86_64
2025-04-05 23:17:02,433 INFO o.a.j.JMeter: os.version=15.3.1
2025-04-05 23:17:02,433 INFO o.a.j.JMeter: file.encoding=UTF-8
2025-04-05 23:17:02,433 INFO o.a.j.JMeter: java.awt.headless=true
2025-04-05 23:17:02,433 INFO o.a.j.JMeter: Max memory     =1073741824
2025-04-05 23:17:02,433 INFO o.a.j.JMeter: Available Processors =8
2025-04-05 23:17:02,442 INFO o.a.j.JMeter: Default Locale=English (EN)
2025-04-05 23:17:02,443 INFO o.a.j.JMeter: JMeter  Locale=English (EN)
2025-04-05 23:17:02,443 INFO o.a.j.JMeter: JMeterHome=/usr/local/Cellar/jmeter/5.6.3/libexec
2025-04-05 23:17:02,443 INFO o.a.j.JMeter: user.dir  =/Users/romanek/Documents/repo/Saucedemo-playwright
2025-04-05 23:17:02,443 INFO o.a.j.JMeter: PWD       =/Users/romanek/Documents/repo/Saucedemo-playwright
2025-04-05 23:17:02,445 INFO o.a.j.JMeter: IP: 127.0.0.1 Name: RM-3.local FullName: localhost
2025-04-05 23:17:02,461 INFO o.a.j.JMeter: Setting property 'jmeter.reportgenerator.outputdir' to:'/Users/romanek/Documents/repo/Saucedemo-playwright/playwright-tests/perf/html-report'
2025-04-05 23:17:02,465 INFO o.a.j.r.d.ReportGenerator: ReportGenerator will use for Parsing the separator: ','
2025-04-05 23:17:02,465 INFO o.a.j.r.d.ReportGenerator: Will only generate report from results file: playwright-tests/perf/results.jtl
2025-04-05 23:17:02,465 INFO o.a.j.r.d.ReportGenerator: Reading report generator properties from: /usr/local/Cellar/jmeter/5.6.3/libexec/bin/reportgenerator.properties
2025-04-05 23:17:02,467 INFO o.a.j.r.d.ReportGenerator: Merging with JMeter properties
2025-04-05 23:17:02,471 INFO o.a.j.r.c.ReportGeneratorConfiguration: Property 'jmeter.reportgenerator.temp_dir' not found, using default value 'temp' instead.
2025-04-05 23:17:02,476 INFO o.a.j.r.c.ReportGeneratorConfiguration: Property 'jmeter.reportgenerator.apdex_per_transaction' not found, using default value 'null' instead.
2025-04-05 23:17:02,488 INFO o.a.j.r.c.ReportGeneratorConfiguration: apdex_per_transaction is empty, not APDEX per transaction customization
2025-04-05 23:17:02,488 INFO o.a.j.r.c.ReportGeneratorConfiguration: Property 'jmeter.reportgenerator.sample_filter' not found, using default value 'null' instead.
2025-04-05 23:17:02,488 INFO o.a.j.r.c.ReportGeneratorConfiguration: Property 'jmeter.reportgenerator.report_title' not found, using default value 'null' instead.
2025-04-05 23:17:02,490 INFO o.a.j.r.c.ReportGeneratorConfiguration: Property 'jmeter.reportgenerator.start_date' not found, using default value 'null' instead.
2025-04-05 23:17:02,490 INFO o.a.j.r.c.ReportGeneratorConfiguration: Property 'jmeter.reportgenerator.end_date' not found, using default value 'null' instead.
2025-04-05 23:17:02,490 INFO o.a.j.r.c.ReportGeneratorConfiguration: Property 'jmeter.reportgenerator.date_format' not found, using default value 'null' instead.
2025-04-05 23:17:02,491 INFO o.a.j.r.c.ReportGeneratorConfiguration: Will use date range start date: null, end date: null
2025-04-05 23:17:02,498 INFO o.a.j.r.c.ReportGeneratorConfiguration: Property 'jmeter.reportgenerator.graph.totalTPS.exclude_controllers' not found, using default value 'false' instead.
2025-04-05 23:17:02,498 INFO o.a.j.r.c.ReportGeneratorConfiguration: Property 'jmeter.reportgenerator.graph.activeThreadsOverTime.exclude_controllers' not found, using default value 'false' instead.
2025-04-05 23:17:02,498 INFO o.a.j.r.c.ReportGeneratorConfiguration: Property 'jmeter.reportgenerator.graph.timeVsThreads.exclude_controllers' not found, using default value 'false' instead.
2025-04-05 23:17:02,498 INFO o.a.j.r.c.ReportGeneratorConfiguration: Property 'jmeter.reportgenerator.graph.responseTimeDistribution.exclude_controllers' not found, using default value 'false' instead.
2025-04-05 23:17:02,498 INFO o.a.j.r.c.ReportGeneratorConfiguration: Property 'jmeter.reportgenerator.graph.transactionsPerSecond.exclude_controllers' not found, using default value 'false' instead.
2025-04-05 23:17:02,499 INFO o.a.j.r.c.ReportGeneratorConfiguration: Property 'jmeter.reportgenerator.graph.responseTimePercentiles.exclude_controllers' not found, using default value 'false' instead.
2025-04-05 23:17:02,499 INFO o.a.j.r.c.ReportGeneratorConfiguration: Property 'jmeter.reportgenerator.graph.responseTimePercentilesOverTime.exclude_controllers' not found, using default value 'false' instead.
2025-04-05 23:17:02,499 INFO o.a.j.r.c.ReportGeneratorConfiguration: Property 'jmeter.reportgenerator.graph.responseTimesOverTime.exclude_controllers' not found, using default value 'false' instead.
2025-04-05 23:17:02,499 INFO o.a.j.r.c.ReportGeneratorConfiguration: Property 'jmeter.reportgenerator.graph.connectTimeOverTime.exclude_controllers' not found, using default value 'false' instead.
2025-04-05 23:17:02,499 INFO o.a.j.r.c.ReportGeneratorConfiguration: Property 'jmeter.reportgenerator.graph.latenciesOverTime.exclude_controllers' not found, using default value 'false' instead.
2025-04-05 23:17:02,500 INFO o.a.j.r.c.ReportGeneratorConfiguration: Property 'jmeter.reportgenerator.exporter.json.filters_only_sample_series' not found, using default value 'true' instead.
2025-04-05 23:17:02,500 INFO o.a.j.r.c.ReportGeneratorConfiguration: Property 'jmeter.reportgenerator.exporter.json.series_filter' not found, using default value '' instead.
2025-04-05 23:17:02,500 INFO o.a.j.r.c.ReportGeneratorConfiguration: Property 'jmeter.reportgenerator.exporter.json.show_controllers_only' not found, using default value 'false' instead.
2025-04-05 23:17:02,500 INFO o.a.j.r.c.ReportGeneratorConfiguration: Property 'jmeter.reportgenerator.exporter.html.filters_only_sample_series' not found, using default value 'true' instead.
2025-04-05 23:17:02,500 INFO o.a.j.r.c.ReportGeneratorConfiguration: Property 'jmeter.reportgenerator.exporter.html.series_filter' not found, using default value '' instead.
2025-04-05 23:17:02,500 INFO o.a.j.r.c.ReportGeneratorConfiguration: Property 'jmeter.reportgenerator.exporter.html.show_controllers_only' not found, using default value 'false' instead.
2025-04-05 23:17:02,941 INFO o.a.j.s.SaveService: Testplan (JMX) version: 2.2. Testlog (JTL) version: 2.2
2025-04-05 23:17:02,985 INFO o.a.j.s.SaveService: Using SaveService properties version 5.0
2025-04-05 23:17:02,990 INFO o.a.j.s.SaveService: Using SaveService properties file encoding UTF-8
2025-04-05 23:17:03,020 INFO o.a.j.r.p.NormalizerSampleConsumer: Using format, 'ms', to parse timeStamp field
2025-04-05 23:17:03,113 INFO o.a.j.r.p.AbstractSampleConsumer: class org.apache.jmeter.report.processor.AggregateConsumer#stopProducing(): beginDate produced 0 samples
2025-04-05 23:17:03,114 INFO o.a.j.r.p.AbstractSampleConsumer: class org.apache.jmeter.report.processor.AggregateConsumer#stopProducing(): endDate produced 0 samples
2025-04-05 23:17:03,117 INFO o.a.j.r.p.AbstractSampleConsumer: class org.apache.jmeter.report.processor.ApdexSummaryConsumer#stopProducing(): apdexSummary produced 0 samples
2025-04-05 23:17:03,118 INFO o.a.j.r.p.AbstractSampleConsumer: class org.apache.jmeter.report.processor.RequestsSummaryConsumer#stopProducing(): requestsSummary produced 0 samples
2025-04-05 23:17:03,123 INFO o.a.j.r.p.AbstractSampleConsumer: class org.apache.jmeter.report.processor.StatisticsSummaryConsumer#stopProducing(): statisticsSummary produced 0 samples
2025-04-05 23:17:03,130 INFO o.a.j.r.p.AbstractSampleConsumer: class org.apache.jmeter.report.processor.Top5ErrorsBySamplerConsumer#stopProducing(): top5ErrorsBySampler produced 0 samples
2025-04-05 23:17:03,130 INFO o.a.j.r.p.AbstractSampleConsumer: class org.apache.jmeter.report.processor.ErrorsSummaryConsumer#stopProducing(): errorsSummary produced 0 samples
2025-04-05 23:17:03,130 INFO o.a.j.r.p.AbstractSampleConsumer: class org.apache.jmeter.report.processor.graph.impl.HitsPerSecondGraphConsumer#stopProducing(): hitsPerSecond produced 0 samples
2025-04-05 23:17:03,147 INFO o.a.j.r.p.AbstractSampleConsumer: class org.apache.jmeter.report.processor.graph.impl.LatencyVSRequestGraphConsumer#stopProducing(): latencyVsRequest produced 0 samples
2025-04-05 23:17:03,148 INFO o.a.j.r.p.AbstractSampleConsumer: class org.apache.jmeter.report.processor.graph.impl.SyntheticResponseTimeDistributionGraphConsumer#stopProducing(): syntheticResponseTimeDistribution produced 0 samples
2025-04-05 23:17:03,148 INFO o.a.j.r.p.AbstractSampleConsumer: class org.apache.jmeter.report.processor.graph.impl.BytesThroughputGraphConsumer#stopProducing(): bytesThroughputOverTime produced 0 samples
2025-04-05 23:17:03,149 INFO o.a.j.r.p.AbstractSampleConsumer: class org.apache.jmeter.report.processor.graph.impl.CodesPerSecondGraphConsumer#stopProducing(): codesPerSecond produced 0 samples
2025-04-05 23:17:03,151 INFO o.a.j.r.p.AbstractSampleConsumer: class org.apache.jmeter.report.processor.graph.impl.ResponseTimeVSRequestGraphConsumer#stopProducing(): responseTimeVsRequest produced 0 samples
2025-04-05 23:17:03,152 INFO o.a.j.r.p.AbstractSampleConsumer: class org.apache.jmeter.report.processor.FilterConsumer#stopProducing(): startIntervalControlerFilter produced 70 samples
2025-04-05 23:17:03,152 INFO o.a.j.r.p.AbstractSampleConsumer: class org.apache.jmeter.report.processor.graph.impl.TotalTPSGraphConsumer#stopProducing(): totalTPS produced 0 samples
2025-04-05 23:17:03,152 INFO o.a.j.r.p.AbstractSampleConsumer: class org.apache.jmeter.report.processor.graph.impl.ActiveThreadsGraphConsumer#stopProducing(): activeThreadsOverTime produced 0 samples
2025-04-05 23:17:03,152 INFO o.a.j.r.p.AbstractSampleConsumer: class org.apache.jmeter.report.processor.graph.impl.TimeVSThreadGraphConsumer#stopProducing(): timeVsThreads produced 0 samples
2025-04-05 23:17:03,152 INFO o.a.j.r.p.AbstractSampleConsumer: class org.apache.jmeter.report.processor.graph.impl.ResponseTimeDistributionGraphConsumer#stopProducing(): responseTimeDistribution produced 0 samples
2025-04-05 23:17:03,152 INFO o.a.j.r.p.AbstractSampleConsumer: class org.apache.jmeter.report.processor.graph.impl.TransactionsPerSecondGraphConsumer#stopProducing(): transactionsPerSecond produced 0 samples
2025-04-05 23:17:03,152 INFO o.a.j.r.p.AbstractSampleConsumer: class org.apache.jmeter.report.processor.graph.impl.ResponseTimePercentilesGraphConsumer#stopProducing(): responseTimePercentiles produced 0 samples
2025-04-05 23:17:03,155 INFO o.a.j.r.p.AbstractSampleConsumer: class org.apache.jmeter.report.processor.graph.impl.ResponseTimePercentilesOverTimeGraphConsumer#stopProducing(): responseTimePercentilesOverTime produced 0 samples
2025-04-05 23:17:03,156 INFO o.a.j.r.p.AbstractSampleConsumer: class org.apache.jmeter.report.processor.graph.impl.ResponseTimeOverTimeGraphConsumer#stopProducing(): responseTimesOverTime produced 0 samples
2025-04-05 23:17:03,156 INFO o.a.j.r.p.AbstractSampleConsumer: class org.apache.jmeter.report.processor.graph.impl.ConnectTimeOverTimeGraphConsumer#stopProducing(): connectTimeOverTime produced 0 samples
2025-04-05 23:17:03,156 INFO o.a.j.r.p.AbstractSampleConsumer: class org.apache.jmeter.report.processor.graph.impl.LatencyOverTimeGraphConsumer#stopProducing(): latenciesOverTime produced 0 samples
2025-04-05 23:17:03,156 INFO o.a.j.r.p.AbstractSampleConsumer: class org.apache.jmeter.report.processor.FilterConsumer#stopProducing(): nameFilter produced 150 samples
2025-04-05 23:17:03,156 INFO o.a.j.r.p.AbstractSampleConsumer: class org.apache.jmeter.report.processor.FilterConsumer#stopProducing(): dateRangeFilter produced 30 samples
2025-04-05 23:17:03,156 INFO o.a.j.r.p.AbstractSampleConsumer: class org.apache.jmeter.report.processor.NormalizerSampleConsumer#stopProducing(): normalizer produced 10 samples
2025-04-05 23:17:03,157 INFO o.a.j.r.p.CsvFileSampleSource: produce(): 10 samples produced in 100ms on channel 0
2025-04-05 23:17:03,157 INFO o.a.j.r.d.ReportGenerator: Exporting data using exporter:'json' of className:'org.apache.jmeter.report.dashboard.JsonExporter'
2025-04-05 23:17:03,208 INFO o.a.j.r.d.JsonExporter: Found data for consumer statisticsSummary in context
2025-04-05 23:17:03,208 INFO o.a.j.r.d.JsonExporter: Creating statistics for overall
2025-04-05 23:17:03,208 INFO o.a.j.r.d.JsonExporter: Creating statistics for other transactions
2025-04-05 23:17:03,209 INFO o.a.j.r.d.JsonExporter: Checking output folder
2025-04-05 23:17:03,210 INFO o.a.j.r.d.JsonExporter: Writing statistics JSON to /Users/romanek/Documents/repo/Saucedemo-playwright/playwright-tests/perf/html-report/statistics.json
2025-04-05 23:17:03,250 INFO o.a.j.r.d.ReportGenerator: Exporting data using exporter:'html' of className:'org.apache.jmeter.report.dashboard.HtmlTemplateExporter'
2025-04-05 23:17:03,252 INFO o.a.j.r.d.HtmlTemplateExporter: Will generate dashboard in folder: /Users/romanek/Documents/repo/Saucedemo-playwright/playwright-tests/perf/html-report
2025-04-05 23:17:03,581 INFO o.a.j.r.d.HtmlTemplateExporter: Report will be generated in: /Users/romanek/Documents/repo/Saucedemo-playwright/playwright-tests/perf/html-report, creating folder structure
2025-04-05 23:17:03,588 INFO o.a.j.r.d.TemplateVisitor: Copying folder from '/usr/local/Cellar/jmeter/5.6.3/libexec/bin/report-template' to '/Users/romanek/Documents/repo/Saucedemo-playwright/playwright-tests/perf/html-report', got message: /Users/romanek/Documents/repo/Saucedemo-playwright/playwright-tests/perf/html-report, found non empty folder with following content [/Users/romanek/Documents/repo/Saucedemo-playwright/playwright-tests/perf/html-report/statistics.json], will be ignored
